d:\project\nodesystem\nodesystem\x64\debug\qrc_nodesystem.obj
d:\project\nodesystem\nodesystem\x64\debug\nodeeditor.obj
d:\project\nodesystem\nodesystem\x64\debug\arrow.obj
d:\project\nodesystem\nodesystem\x64\debug\nodesystem.obj
d:\project\nodesystem\nodesystem\x64\debug\moc_diagramscene.obj
d:\project\nodesystem\nodesystem\x64\debug\moc_nodesystem.obj
d:\project\nodesystem\nodesystem\x64\debug\moc_nodeeditor.obj
d:\project\nodesystem\nodesystem\x64\debug\diagramitem.obj
d:\project\nodesystem\nodesystem\x64\debug\main.obj
d:\project\nodesystem\nodesystem\.\generatedfiles\debug\moc_nodesystem.cpp
d:\project\nodesystem\nodesystem\.\generatedfiles\debug\moc_diagramscene.cpp
d:\project\nodesystem\nodesystem\.\generatedfiles\debug\moc_nodeeditor.cpp
d:\project\nodesystem\nodesystem\generatedfiles\ui_nodesystem.h
d:\project\nodesystem\nodesystem\generatedfiles\qrc_nodesystem.cpp
d:\project\nodesystem\nodesystem\generatedfiles\debug\moc_nodesystem.cpp
d:\project\nodesystem\nodesystem\generatedfiles\debug\moc_diagramscene.cpp
d:\project\nodesystem\nodesystem\generatedfiles\debug\moc_nodeeditor.cpp
d:\project\nodesystem\nodesystem\.\generatedfiles\qrc_nodesystem.cpp
d:\project\nodesystem\nodesystem\.\generatedfiles\ui_nodesystem.h
d:\project\nodesystem\nodesystem\x64\debug\vc140.pdb
d:\project\nodesystem\nodesystem\x64\debug\nodesystem.tlog\cl.command.1.tlog
d:\project\nodesystem\nodesystem\x64\debug\nodesystem.tlog\cl.read.1.tlog
d:\project\nodesystem\nodesystem\x64\debug\nodesystem.tlog\cl.write.1.tlog
d:\project\nodesystem\nodesystem\x64\debug\nodesystem.tlog\moc.read.1u.tlog
d:\project\nodesystem\nodesystem\x64\debug\nodesystem.tlog\moc.write.1u.tlog
d:\project\nodesystem\nodesystem\x64\debug\nodesystem.tlog\nodesystem.write.1u.tlog
d:\project\nodesystem\nodesystem\x64\debug\nodesystem.tlog\rcc.read.1u.tlog
d:\project\nodesystem\nodesystem\x64\debug\nodesystem.tlog\rcc.write.1u.tlog
d:\project\nodesystem\nodesystem\x64\debug\nodesystem.tlog\uic.read.1u.tlog
d:\project\nodesystem\nodesystem\x64\debug\nodesystem.tlog\uic.write.1u.tlog
